<?xml version="1.0" encoding="UTF-8"?>
<!-- Generated by org.testng.reporters.JUnitReportReporter -->
<testsuite hostname="Escha" failures="0" tests="1" name="automation.StandAloneTestNGImpl2Test" time="15.838" errors="0" timestamp="2025-03-22T13:21:15 ICT" skipped="0">
  <testcase classname="automation.StandAloneTestNGImpl2Test" name="createOrder" time="15.838"/>
</testsuite> <!-- automation.StandAloneTestNGImpl2Test -->
