<?xml version="1.0" encoding="UTF-8"?>
<!-- Generated by org.testng.reporters.JUnitReportReporter -->
<testsuite hostname="Escha" failures="0" tests="1" name="automation.StandAloneTestNGImpl2Test" time="19.685" errors="0" timestamp="2025-03-22T12:30:18 ICT" skipped="0">
  <testcase classname="automation.StandAloneTestNGImpl2Test" name="createOrder" time="19.685"/>
</testsuite> <!-- automation.StandAloneTestNGImpl2Test -->
