<?xml version="1.0" encoding="UTF-8"?>
<!-- Generated by org.testng.reporters.JUnitReportReporter -->
<testsuite hostname="Escha" failures="0" tests="1" name="runners.TestRunnersTesNG" time="18.269" errors="0" timestamp="2025-03-20T20:21:33 ICT" skipped="0">
  <testcase classname="runners.TestRunnersTesNG" name="runScenario" time="18.269"/>
</testsuite> <!-- runners.TestRunnersTesNG -->
