<?xml version="1.0" encoding="UTF-8"?>
<!-- Generated by org.testng.reporters.JUnitReportReporter -->
<testsuite hostname="Escha" failures="0" tests="1" name="automation.StandAloneTestNGImplTest" time="15.046" errors="0" timestamp="2025-03-20T20:21:33 ICT" skipped="0">
  <testcase classname="automation.StandAloneTestNGImplTest" name="createOrder" time="15.046"/>
</testsuite> <!-- automation.StandAloneTestNGImplTest -->
