<?xml version="1.0" encoding="UTF-8"?>
<!-- Generated by org.testng.reporters.JUnitReportReporter -->
<testsuite hostname="Escha" failures="0" tests="1" name="runners.TestRunnersTesNG" time="10.614" errors="0" timestamp="2025-03-22T13:21:15 ICT" skipped="0">
  <testcase classname="runners.TestRunnersTesNG" name="runScenario" time="10.614"/>
</testsuite> <!-- runners.TestRunnersTesNG -->
