<?xml version="1.0" encoding="UTF-8"?>
<!-- Generated by org.testng.reporters.JUnitReportReporter -->
<testsuite hostname="Escha" failures="0" tests="1" name="runners.TestRunnersTesNG" time="11.860" errors="0" timestamp="2025-03-22T12:30:18 ICT" skipped="0">
  <testcase classname="runners.TestRunnersTesNG" name="runScenario" time="11.860"/>
</testsuite> <!-- runners.TestRunnersTesNG -->
