<?xml version="1.0" encoding="UTF-8"?>
<!-- Generated by org.testng.reporters.JUnitReportReporter -->
<testsuite hostname="Escha" failures="0" tests="1" name="tugas.tdTest" time="10.305" errors="0" timestamp="2025-03-20T20:21:33 ICT" skipped="0">
  <testcase classname="tugas.tdTest" name="tugas" time="10.305"/>
</testsuite> <!-- tugas.tdTest -->
