<?xml version="1.0" encoding="UTF-8"?>
<!-- Generated by org.testng.reporters.JUnitReportReporter -->
<testsuite hostname="Escha" failures="0" tests="1" name="tugas.tdTest" time="9.828" errors="0" timestamp="2025-03-20T20:27:10 ICT" skipped="0">
  <testcase classname="tugas.tdTest" name="tugas" time="9.828"/>
</testsuite> <!-- tugas.tdTest -->
