<?xml version="1.0" encoding="UTF-8"?>
<!-- Generated by org.testng.reporters.JUnitReportReporter -->
<testsuite hostname="Escha" failures="0" tests="1" name="runners.TestRunnersTesNG" time="15.367" errors="0" timestamp="2025-03-20T20:53:44 ICT" skipped="0">
  <testcase classname="runners.TestRunnersTesNG" name="runScenario" time="15.367"/>
</testsuite> <!-- runners.TestRunnersTesNG -->
